{"/Users/matsu_chara/Documents/sand/promise-helper-for-deferred-style-resolve/lib/promise-deferred.js":{"path":"/Users/matsu_chara/Documents/sand/promise-helper-for-deferred-style-resolve/lib/promise-deferred.js","s":{"1":1,"2":1,"3":5,"4":5,"5":5,"6":5,"7":5,"8":5,"9":1},"b":{},"f":{"1":1,"2":5,"3":5},"fnMap":{"1":{"name":"(anonymous_1)","line":1,"loc":{"start":{"line":1,"column":1},"end":{"line":1,"column":13}}},"2":{"name":"(anonymous_2)","line":3,"loc":{"start":{"line":3,"column":19},"end":{"line":3,"column":44}}},"3":{"name":"(anonymous_3)","line":6,"loc":{"start":{"line":6,"column":28},"end":{"line":6,"column":57}}}},"statementMap":{"1":{"start":{"line":1,"column":0},"end":{"line":27,"column":5}},"2":{"start":{"line":3,"column":4},"end":{"line":25,"column":4}},"3":{"start":{"line":4,"column":8},"end":{"line":4,"column":28}},"4":{"start":{"line":6,"column":8},"end":{"line":14,"column":11}},"5":{"start":{"line":12,"column":12},"end":{"line":12,"column":31}},"6":{"start":{"line":13,"column":12},"end":{"line":13,"column":29}},"7":{"start":{"line":17,"column":8},"end":{"line":17,"column":44}},"8":{"start":{"line":20,"column":8},"end":{"line":24,"column":10}},"9":{"start":{"line":26,"column":2},"end":{"line":26,"column":28}}},"branchMap":{}}}